<?xml version="1.0" encoding="UTF-8"?>
<testsuites name="Mocha Tests" time="2.9710" tests="4" failures="0">
  <testsuite name="Root Suite" timestamp="2023-12-09T07:29:49" tests="0" time="0.0000" failures="0">
  </testsuite>
  <testsuite name="Preparing to test API" timestamp="2023-12-09T07:29:49" tests="0" file="E:\Frescoplay hackerrank git\hackerrank-frescoplay-challenges\NodeJs Cricket Analytics API\challenge\test\test.js" time="0.0000" failures="0">
  </testsuite>
  <testsuite name="API testing started" timestamp="2023-12-09T07:29:49" tests="4" file="E:\Frescoplay hackerrank git\hackerrank-frescoplay-challenges\NodeJs Cricket Analytics API\challenge\test\test.js" time="2.9710" failures="0">
    <testcase name="Preparing to test API API testing started it should test prob1 API" time="0.8210" classname="it should test prob1 API">
    </testcase>
    <testcase name="Preparing to test API API testing started it should test prob2 API" time="0.7210" classname="it should test prob2 API">
    </testcase>
    <testcase name="Preparing to test API API testing started it should test prob3 API" time="0.7160" classname="it should test prob3 API">
    </testcase>
    <testcase name="Preparing to test API API testing started it should test prob 4 API" time="0.7130" classname="it should test prob 4 API">
    </testcase>
  </testsuite>
</testsuites>